<?xml version="1.0" encoding="UTF-8"?>
<!-- Generated by org.testng.reporters.JUnitXMLReporter -->
<testsuite ignored="7" hostname="Siddhartha" failures="4" tests="15" name="Test" time="76.718" errors="0" timestamp="2025-04-22T23:33:59 IST">
  <testcase classname="minitests.HomeTest" name="testSignUpVisibility" time="0.164">
    <failure type="java.lang.AssertionError" message="expected [false] but found [true]">
      <![CDATA[java.lang.AssertionError: expected [false] but found [true]
at minitests.HomeTest.testSignUpVisibility(HomeTest.java:26)
at java.base/java.util.ArrayList.forEach(ArrayList.java:1597)
... Removed 29 stack frames]]>
    </failure>
  </testcase> <!-- testSignUpVisibility -->
  <testcase classname="minitests.LoginTest" name="testSubumitBtnVisible" time="0.144"/>
  <testcase classname="minitests.LoginTest" name="testSubmitClickAble" time="0.069"/>
  <testcase classname="minitests.LoginTest" name="testLogin" time="0.662"/>
  <testcase classname="minitests.LoginTest" name="callTestLogout" time="1.651"/>
  <testcase classname="minitests.LoginTest" name="testInvalidDetails" time="1.705"/>
  <testcase classname="minitests.AddContactTest" name="addContacts" time="16.597"/>
  <testcase classname="minitests.AddContactTest" name="testSortAndExtension" time="1.926"/>
  <testcase classname="minitests.AddContactTest" name="addOptionalDetails" time="5.801"/>
  <testcase classname="minitests.AddContactTest" name="testInvalidDate" time="4.132"/>
  <testcase classname="minitests.AddContactTest" name="testEmptyFields" time="4.575">
    <failure type="java.lang.AssertionError" message="expected [false] but found [true]">
      <![CDATA[java.lang.AssertionError: expected [false] but found [true]
at minitests.AddContactTest.testEmptyFields(AddContactTest.java:144)
at java.base/java.util.ArrayList.forEach(ArrayList.java:1597)
... Removed 29 stack frames]]>
    </failure>
  </testcase> <!-- testEmptyFields -->
  <testcase classname="minitests.ContactListTest" name="testContactsDisplayed" time="3.049">
    <failure type="java.lang.AssertionError" message="expected [true] but found [false]">
      <![CDATA[java.lang.AssertionError: expected [true] but found [false]
at minitests.ContactListTest.testContactsDisplayed(ContactListTest.java:32)
at java.base/java.util.ArrayList.forEach(ArrayList.java:1597)
... Removed 29 stack frames]]>
    </failure>
  </testcase> <!-- testContactsDisplayed -->
  <testcase classname="minitests.ContactListTest" name="testEditContact" time="8.619"/>
  <testcase classname="minitests.ContactListTest" name="testDeleteConatct" time="4.09">
    <failure type="java.lang.AssertionError" message="Email not found after delete operation expected [true] but found [false]">
      <![CDATA[java.lang.AssertionError: Email not found after delete operation expected [true] but found [false]
at minitests.ContactListTest.testDeleteConatct(ContactListTest.java:90)
at java.base/java.util.ArrayList.forEach(ArrayList.java:1597)
... Removed 28 stack frames]]>
    </failure>
  </testcase> <!-- testDeleteConatct -->
  <testcase classname="minitests.ContactListTest" name="testClickLogoutBtn" time="2.096"/>
  <testcase classname="minitests.HomeTest" name="testSignupUser" time="0.0">
    <ignored/>
  </testcase> <!-- testSignupUser -->
  <testcase classname="minitests.HomeTest" name="testSignUpClick" time="0.0">
    <ignored/>
  </testcase> <!-- testSignUpClick -->
  <testcase classname="minitests.AddContactTest" name="AddDuplicateContacts" time="0.0">
    <ignored/>
  </testcase> <!-- AddDuplicateContacts -->
  <testcase classname="minitests.HomeTest" name="testSignUpClickable" time="0.0">
    <ignored/>
  </testcase> <!-- testSignUpClickable -->
  <testcase classname="minitests.ContactListTest" name="validateOtherFields" time="0.0">
    <ignored/>
  </testcase> <!-- validateOtherFields -->
  <testcase classname="minitests.ContactListTest" name="testVisibilityOfLogoutBtn" time="0.0">
    <ignored/>
  </testcase> <!-- testVisibilityOfLogoutBtn -->
  <testcase classname="minitests.HomeTest" name="testAddusertxt" time="0.0">
    <ignored/>
  </testcase> <!-- testAddusertxt -->
</testsuite> <!-- Test -->
